[debug] [2025-09-20T13:34:05.073Z] ----------------------------------------------------------------------
[debug] [2025-09-20T13:34:05.099Z] Command:       C:\Program Files\nodejs\node.exe C:\Users\LETHABO\AppData\Roaming\npm\node_modules\firebase-tools\lib\bin\firebase.js init
[debug] [2025-09-20T13:34:05.104Z] CLI Version:   14.17.0
[debug] [2025-09-20T13:34:05.104Z] Platform:      win32
[debug] [2025-09-20T13:34:05.105Z] Node Version:  v22.15.1
[debug] [2025-09-20T13:34:05.107Z] Time:          Sat Sep 20 2025 15:34:05 GMT+0200 (South Africa Standard Time)
[debug] [2025-09-20T13:34:05.108Z] ----------------------------------------------------------------------
[debug] 
[debug] [2025-09-20T13:34:06.111Z] > command requires scopes: ["email","openid","https://www.googleapis.com/auth/cloudplatformprojects.readonly","https://www.googleapis.com/auth/firebase","https://www.googleapis.com/auth/cloud-platform"]
[debug] [2025-09-20T13:34:06.113Z] > authorizing via signed-in user (slurpymonster48@gmail.com)
[info] 
     ######## #### ########  ######## ########     ###     ######  ########
     ##        ##  ##     ## ##       ##     ##  ##   ##  ##       ##
     ######    ##  ########  ######   ########  #########  ######  ######
     ##        ##  ##    ##  ##       ##     ## ##     ##       ## ##
     ##       #### ##     ## ######## ########  ##     ##  ######  ########

You're about to initialize a Firebase project in this directory:

  C:\Users\LETHABO\Documents\Project-1

Before we get started, keep in mind:

  * You are initializing within an existing Firebase project directory

